# JRE version: OpenJDK Runtime Environment (8.0_242-b01) (build 1.8.0_242-release-1644-b01)
# Java VM: OpenJDK 64-Bit Server VM (25.242-b01 mixed mode windows-amd64 compressed oops)
Heap:
 PSYoungGen      total 75264K, used 27997K [0x00000000d5580000, 0x00000000db680000, 0x0000000100000000)
  eden space 61440K, 45% used [0x00000000d5580000,0x00000000d70d7500,0x00000000d9180000)
  from space 13824K, 0% used [0x00000000da900000,0x00000000da900000,0x00000000db680000)
  to   space 18944K, 0% used [0x00000000d9180000,0x00000000d9180000,0x00000000da400000)
 ParOldGen       total 73216K, used 64048K [0x0000000080000000, 0x0000000084780000, 0x00000000d5580000)
  object space 73216K, 87% used [0x0000000080000000,0x0000000083e8c3f8,0x0000000084780000)
 Metaspace       used 59327K, capacity 60495K, committed 60760K, reserved 1101824K
  class space    used 7378K, capacity 7652K, committed 7680K, reserved 1048576K
GC Heap History (10 events):
Event: 4.936 GC heap before
{Heap before GC invocations=12 (full 3):
 PSYoungGen      total 51712K, used 51680K [0x00000000d5580000, 0x00000000dc700000, 0x0000000100000000)
  eden space 51200K, 100% used [0x00000000d5580000,0x00000000d8780000,0x00000000d8780000)
  from space 512K, 93% used [0x00000000d9a80000,0x00000000d9af8010,0x00000000d9b00000)
  to   space 19456K, 0% used [0x00000000d8780000,0x00000000d8780000,0x00000000d9a80000)
 ParOldGen       total 73216K, used 45010K [0x0000000080000000, 0x0000000084780000, 0x00000000d5580000)
  object space 73216K, 61% used [0x0000000080000000,0x0000000082bf48f0,0x0000000084780000)
 Metaspace       used 50465K, capacity 51333K, committed 51712K, reserved 1093632K
  class space    used 6553K, capacity 6785K, committed 6912K, reserved 1048576K
Event: 4.947 GC heap after
Heap after GC invocations=12 (full 3):
 PSYoungGen      total 70656K, used 10258K [0x00000000d5580000, 0x00000000dbb00000, 0x0000000100000000)
  eden space 51200K, 0% used [0x00000000d5580000,0x00000000d5580000,0x00000000d8780000)
  from space 19456K, 52% used [0x00000000d8780000,0x00000000d9184b60,0x00000000d9a80000)
  to   space 18432K, 0% used [0x00000000da900000,0x00000000da900000,0x00000000dbb00000)
 ParOldGen       total 73216K, used 45018K [0x0000000080000000, 0x0000000084780000, 0x00000000d5580000)
  object space 73216K, 61% used [0x0000000080000000,0x0000000082bf68f0,0x0000000084780000)
 Metaspace       used 50465K, capacity 51333K, committed 51712K, reserved 1093632K
  class space    used 6553K, capacity 6785K, committed 6912K, reserved 1048576K
}
Event: 5.593 GC heap before
{Heap before GC invocations=13 (full 3):
 PSYoungGen      total 70656K, used 61458K [0x00000000d5580000, 0x00000000dbb00000, 0x0000000100000000)
  eden space 51200K, 100% used [0x00000000d5580000,0x00000000d8780000,0x00000000d8780000)
  from space 19456K, 52% used [0x00000000d8780000,0x00000000d9184b60,0x00000000d9a80000)
  to   space 18432K, 0% used [0x00000000da900000,0x00000000da900000,0x00000000dbb00000)
 ParOldGen       total 73216K, used 45018K [0x0000000080000000, 0x0000000084780000, 0x00000000d5580000)
  object space 73216K, 61% used [0x0000000080000000,0x0000000082bf68f0,0x0000000084780000)
 Metaspace       used 52955K, capacity 54029K, committed 54272K, reserved 1095680K
  class space    used 6832K, capacity 7097K, committed 7168K, reserved 1048576K
Event: 5.611 GC heap after
Heap after GC invocations=13 (full 3):
 PSYoungGen      total 75264K, used 13728K [0x00000000d5580000, 0x00000000db680000, 0x0000000100000000)
  eden space 61440K, 0% used [0x00000000d5580000,0x00000000d5580000,0x00000000d9180000)
  from space 13824K, 99% used [0x00000000da900000,0x00000000db668318,0x00000000db680000)
  to   space 18944K, 0% used [0x00000000d9180000,0x00000000d9180000,0x00000000da400000)
 ParOldGen       total 73216K, used 45018K [0x0000000080000000, 0x0000000084780000, 0x00000000d5580000)
  object space 73216K, 61% used [0x0000000080000000,0x0000000082bf68f0,0x0000000084780000)
 Metaspace       used 52955K, capacity 54029K, committed 54272K, reserved 1095680K
  class space    used 6832K, capacity 7097K, committed 7168K, reserved 1048576K
}
Event: 6.296 GC heap before
{Heap before GC invocations=14 (full 3):
 PSYoungGen      total 75264K, used 75168K [0x00000000d5580000, 0x00000000db680000, 0x0000000100000000)
  eden space 61440K, 100% used [0x00000000d5580000,0x00000000d9180000,0x00000000d9180000)
  from space 13824K, 99% used [0x00000000da900000,0x00000000db668318,0x00000000db680000)
  to   space 18944K, 0% used [0x00000000d9180000,0x00000000d9180000,0x00000000da400000)
 ParOldGen       total 73216K, used 45018K [0x0000000080000000, 0x0000000084780000, 0x00000000d5580000)
  object space 73216K, 61% used [0x0000000080000000,0x0000000082bf68f0,0x0000000084780000)
 Metaspace       used 54217K, capacity 55337K, committed 55680K, reserved 1097728K
  class space    used 6897K, capacity 7175K, committed 7296K, reserved 1048576K
Event: 6.314 GC heap after
Heap after GC invocations=14 (full 3):
 PSYoungGen      total 80384K, used 17371K [0x00000000d5580000, 0x00000000db680000, 0x0000000100000000)
  eden space 61440K, 0% used [0x00000000d5580000,0x00000000d5580000,0x00000000d9180000)
  from space 18944K, 91% used [0x00000000d9180000,0x00000000da276c70,0x00000000da400000)
  to   space 13824K, 0% used [0x00000000da900000,0x00000000da900000,0x00000000db680000)
 ParOldGen       total 73216K, used 45018K [0x0000000080000000, 0x0000000084780000, 0x00000000d5580000)
  object space 73216K, 61% used [0x0000000080000000,0x0000000082bf68f0,0x0000000084780000)
 Metaspace       used 54217K, capacity 55337K, committed 55680K, reserved 1097728K
  class space    used 6897K, capacity 7175K, committed 7296K, reserved 1048576K
}
Event: 6.986 GC heap before
{Heap before GC invocations=15 (full 3):
 PSYoungGen      total 80384K, used 67436K [0x00000000d5580000, 0x00000000db680000, 0x0000000100000000)
  eden space 61440K, 81% used [0x00000000d5580000,0x00000000d8664430,0x00000000d9180000)
  from space 18944K, 91% used [0x00000000d9180000,0x00000000da276c70,0x00000000da400000)
  to   space 13824K, 0% used [0x00000000da900000,0x00000000da900000,0x00000000db680000)
 ParOldGen       total 73216K, used 45018K [0x0000000080000000, 0x0000000084780000, 0x00000000d5580000)
  object space 73216K, 61% used [0x0000000080000000,0x0000000082bf68f0,0x0000000084780000)
 Metaspace       used 57784K, capacity 58985K, committed 59096K, reserved 1101824K
  class space    used 7185K, capacity 7491K, committed 7552K, reserved 1048576K
Event: 7.001 GC heap after
Heap after GC invocations=15 (full 3):
 PSYoungGen      total 75264K, used 13823K [0x00000000d5580000, 0x00000000db680000, 0x0000000100000000)
  eden space 61440K, 0% used [0x00000000d5580000,0x00000000d5580000,0x00000000d9180000)
  from space 13824K, 99% used [0x00000000da900000,0x00000000db67ff40,0x00000000db680000)
  to   space 18944K, 0% used [0x00000000d9180000,0x00000000d9180000,0x00000000da400000)
 ParOldGen       total 73216K, used 54742K [0x0000000080000000, 0x0000000084780000, 0x00000000d5580000)
  object space 73216K, 74% used [0x0000000080000000,0x0000000083575968,0x0000000084780000)
 Metaspace       used 57784K, capacity 58985K, committed 59096K, reserved 1101824K
  class space    used 7185K, capacity 7491K, committed 7552K, reserved 1048576K
}
Event: 7.001 GC heap before
{Heap before GC invocations=16 (full 4):
 PSYoungGen      total 75264K, used 13823K [0x00000000d5580000, 0x00000000db680000, 0x0000000100000000)
  eden space 61440K, 0% used [0x00000000d5580000,0x00000000d5580000,0x00000000d9180000)
  from space 13824K, 99% used [0x00000000da900000,0x00000000db67ff40,0x00000000db680000)
  to   space 18944K, 0% used [0x00000000d9180000,0x00000000d9180000,0x00000000da400000)
 ParOldGen       total 73216K, used 54742K [0x0000000080000000, 0x0000000084780000, 0x00000000d5580000)
  object space 73216K, 74% used [0x0000000080000000,0x0000000083575968,0x0000000084780000)
 Metaspace       used 57784K, capacity 58985K, committed 59096K, reserved 1101824K
  class space    used 7185K, capacity 7491K, committed 7552K, reserved 1048576K
Event: 7.137 GC heap after
Heap after GC invocations=16 (full 4):
 PSYoungGen      total 75264K, used 0K [0x00000000d5580000, 0x00000000db680000, 0x0000000100000000)
  eden space 61440K, 0% used [0x00000000d5580000,0x00000000d5580000,0x00000000d9180000)
  from space 13824K, 0% used [0x00000000da900000,0x00000000da900000,0x00000000db680000)
  to   space 18944K, 0% used [0x00000000d9180000,0x00000000d9180000,0x00000000da400000)
 ParOldGen       total 73216K, used 64048K [0x0000000080000000, 0x0000000084780000, 0x00000000d5580000)
  object space 73216K, 87% used [0x0000000080000000,0x0000000083e8c3f8,0x0000000084780000)
 Metaspace       used 57784K, capacity 58985K, committed 59096K, reserved 1101824K
  class space    used 7185K, capacity 7491K, committed 7552K, reserved 1048576K
}

