# JRE version: OpenJDK Runtime Environment (8.0_242-b01) (build 1.8.0_242-release-1644-b01)
# Java VM: OpenJDK 64-Bit Server VM (25.242-b01 mixed mode windows-amd64 compressed oops)
Heap:
 PSYoungGen      total 103936K, used 46472K [0x00000000d6180000, 0x00000000deb80000, 0x0000000100000000)
  eden space 98816K, 41% used [0x00000000d6180000,0x00000000d89e2428,0x00000000dc200000)
  from space 5120K, 99% used [0x00000000de680000,0x00000000deb7fc40,0x00000000deb80000)
  to   space 5120K, 0% used [0x00000000de180000,0x00000000de180000,0x00000000de680000)
 ParOldGen       total 64000K, used 37981K [0x0000000082400000, 0x0000000086280000, 0x00000000d6180000)
  object space 64000K, 59% used [0x0000000082400000,0x0000000084917408,0x0000000086280000)
 Metaspace       used 46308K, capacity 47113K, committed 47280K, reserved 1089536K
  class space    used 6043K, capacity 6263K, committed 6320K, reserved 1048576K
GC Heap History (10 events):
Event: 1.013 GC heap before
{Heap before GC invocations=4 (full 1):
 PSYoungGen      total 70656K, used 5113K [0x00000000d6180000, 0x00000000deb80000, 0x0000000100000000)
  eden space 65536K, 0% used [0x00000000d6180000,0x00000000d6180000,0x00000000da180000)
  from space 5120K, 99% used [0x00000000da180000,0x00000000da67e750,0x00000000da680000)
  to   space 5120K, 0% used [0x00000000de680000,0x00000000de680000,0x00000000deb80000)
 ParOldGen       total 86016K, used 10702K [0x0000000082400000, 0x0000000087800000, 0x00000000d6180000)
  object space 86016K, 12% used [0x0000000082400000,0x0000000082e73bd8,0x0000000087800000)
 Metaspace       used 20729K, capacity 21054K, committed 21296K, reserved 1067008K
  class space    used 2709K, capacity 2835K, committed 2864K, reserved 1048576K
Event: 1.035 GC heap after
Heap after GC invocations=4 (full 1):
 PSYoungGen      total 70656K, used 0K [0x00000000d6180000, 0x00000000deb80000, 0x0000000100000000)
  eden space 65536K, 0% used [0x00000000d6180000,0x00000000d6180000,0x00000000da180000)
  from space 5120K, 0% used [0x00000000da180000,0x00000000da180000,0x00000000da680000)
  to   space 5120K, 0% used [0x00000000de680000,0x00000000de680000,0x00000000deb80000)
 ParOldGen       total 64000K, used 8027K [0x0000000082400000, 0x0000000086280000, 0x00000000d6180000)
  object space 64000K, 12% used [0x0000000082400000,0x0000000082bd6d88,0x0000000086280000)
 Metaspace       used 20729K, capacity 21054K, committed 21296K, reserved 1067008K
  class space    used 2709K, capacity 2835K, committed 2864K, reserved 1048576K
}
Event: 1.645 GC heap before
{Heap before GC invocations=5 (full 1):
 PSYoungGen      total 70656K, used 65536K [0x00000000d6180000, 0x00000000deb80000, 0x0000000100000000)
  eden space 65536K, 100% used [0x00000000d6180000,0x00000000da180000,0x00000000da180000)
  from space 5120K, 0% used [0x00000000da180000,0x00000000da180000,0x00000000da680000)
  to   space 5120K, 0% used [0x00000000de680000,0x00000000de680000,0x00000000deb80000)
 ParOldGen       total 64000K, used 8027K [0x0000000082400000, 0x0000000086280000, 0x00000000d6180000)
  object space 64000K, 12% used [0x0000000082400000,0x0000000082bd6d88,0x0000000086280000)
 Metaspace       used 28533K, capacity 28944K, committed 29232K, reserved 1075200K
  class space    used 3679K, capacity 3804K, committed 3888K, reserved 1048576K
Event: 1.662 GC heap after
Heap after GC invocations=5 (full 1):
 PSYoungGen      total 103936K, used 5091K [0x00000000d6180000, 0x00000000deb80000, 0x0000000100000000)
  eden space 98816K, 0% used [0x00000000d6180000,0x00000000d6180000,0x00000000dc200000)
  from space 5120K, 99% used [0x00000000de680000,0x00000000deb78c70,0x00000000deb80000)
  to   space 5120K, 0% used [0x00000000de180000,0x00000000de180000,0x00000000de680000)
 ParOldGen       total 64000K, used 18955K [0x0000000082400000, 0x0000000086280000, 0x00000000d6180000)
  object space 64000K, 29% used [0x0000000082400000,0x0000000083682d18,0x0000000086280000)
 Metaspace       used 28533K, capacity 28944K, committed 29232K, reserved 1075200K
  class space    used 3679K, capacity 3804K, committed 3888K, reserved 1048576K
}
Event: 2.186 GC heap before
{Heap before GC invocations=6 (full 1):
 PSYoungGen      total 103936K, used 45170K [0x00000000d6180000, 0x00000000deb80000, 0x0000000100000000)
  eden space 98816K, 40% used [0x00000000d6180000,0x00000000d88a3bc8,0x00000000dc200000)
  from space 5120K, 99% used [0x00000000de680000,0x00000000deb78c70,0x00000000deb80000)
  to   space 5120K, 0% used [0x00000000de180000,0x00000000de180000,0x00000000de680000)
 ParOldGen       total 64000K, used 18955K [0x0000000082400000, 0x0000000086280000, 0x00000000d6180000)
  object space 64000K, 29% used [0x0000000082400000,0x0000000083682d18,0x0000000086280000)
 Metaspace       used 34725K, capacity 35265K, committed 35496K, reserved 1081344K
  class space    used 4459K, capacity 4631K, committed 4656K, reserved 1048576K
Event: 2.195 GC heap after
Heap after GC invocations=6 (full 1):
 PSYoungGen      total 103936K, used 5091K [0x00000000d6180000, 0x00000000deb80000, 0x0000000100000000)
  eden space 98816K, 0% used [0x00000000d6180000,0x00000000d6180000,0x00000000dc200000)
  from space 5120K, 99% used [0x00000000de180000,0x00000000de678c60,0x00000000de680000)
  to   space 5120K, 0% used [0x00000000de680000,0x00000000de680000,0x00000000deb80000)
 ParOldGen       total 64000K, used 29407K [0x0000000082400000, 0x0000000086280000, 0x00000000d6180000)
  object space 64000K, 45% used [0x0000000082400000,0x00000000840b7c50,0x0000000086280000)
 Metaspace       used 34725K, capacity 35265K, committed 35496K, reserved 1081344K
  class space    used 4459K, capacity 4631K, committed 4656K, reserved 1048576K
}
Event: 2.195 GC heap before
{Heap before GC invocations=7 (full 2):
 PSYoungGen      total 103936K, used 5091K [0x00000000d6180000, 0x00000000deb80000, 0x0000000100000000)
  eden space 98816K, 0% used [0x00000000d6180000,0x00000000d6180000,0x00000000dc200000)
  from space 5120K, 99% used [0x00000000de180000,0x00000000de678c60,0x00000000de680000)
  to   space 5120K, 0% used [0x00000000de680000,0x00000000de680000,0x00000000deb80000)
 ParOldGen       total 64000K, used 29407K [0x0000000082400000, 0x0000000086280000, 0x00000000d6180000)
  object space 64000K, 45% used [0x0000000082400000,0x00000000840b7c50,0x0000000086280000)
 Metaspace       used 34725K, capacity 35265K, committed 35496K, reserved 1081344K
  class space    used 4459K, capacity 4631K, committed 4656K, reserved 1048576K
Event: 2.251 GC heap after
Heap after GC invocations=7 (full 2):
 PSYoungGen      total 103936K, used 0K [0x00000000d6180000, 0x00000000deb80000, 0x0000000100000000)
  eden space 98816K, 0% used [0x00000000d6180000,0x00000000d6180000,0x00000000dc200000)
  from space 5120K, 0% used [0x00000000de180000,0x00000000de180000,0x00000000de680000)
  to   space 5120K, 0% used [0x00000000de680000,0x00000000de680000,0x00000000deb80000)
 ParOldGen       total 64000K, used 23346K [0x0000000082400000, 0x0000000086280000, 0x00000000d6180000)
  object space 64000K, 36% used [0x0000000082400000,0x0000000083accb00,0x0000000086280000)
 Metaspace       used 34725K, capacity 35265K, committed 35496K, reserved 1081344K
  class space    used 4459K, capacity 4631K, committed 4656K, reserved 1048576K
}
Event: 3.101 GC heap before
{Heap before GC invocations=8 (full 2):
 PSYoungGen      total 103936K, used 98816K [0x00000000d6180000, 0x00000000deb80000, 0x0000000100000000)
  eden space 98816K, 100% used [0x00000000d6180000,0x00000000dc200000,0x00000000dc200000)
  from space 5120K, 0% used [0x00000000de180000,0x00000000de180000,0x00000000de680000)
  to   space 5120K, 0% used [0x00000000de680000,0x00000000de680000,0x00000000deb80000)
 ParOldGen       total 64000K, used 23346K [0x0000000082400000, 0x0000000086280000, 0x00000000d6180000)
  object space 64000K, 36% used [0x0000000082400000,0x0000000083accb00,0x0000000086280000)
 Metaspace       used 42180K, capacity 42857K, committed 43056K, reserved 1087488K
  class space    used 5424K, capacity 5617K, committed 5680K, reserved 1048576K
Event: 3.111 GC heap after
Heap after GC invocations=8 (full 2):
 PSYoungGen      total 103936K, used 5119K [0x00000000d6180000, 0x00000000deb80000, 0x0000000100000000)
  eden space 98816K, 0% used [0x00000000d6180000,0x00000000d6180000,0x00000000dc200000)
  from space 5120K, 99% used [0x00000000de680000,0x00000000deb7fc40,0x00000000deb80000)
  to   space 5120K, 0% used [0x00000000de180000,0x00000000de180000,0x00000000de680000)
 ParOldGen       total 64000K, used 37981K [0x0000000082400000, 0x0000000086280000, 0x00000000d6180000)
  object space 64000K, 59% used [0x0000000082400000,0x0000000084917408,0x0000000086280000)
 Metaspace       used 42180K, capacity 42857K, committed 43056K, reserved 1087488K
  class space    used 5424K, capacity 5617K, committed 5680K, reserved 1048576K
}

