# JRE version: OpenJDK Runtime Environment (8.0_242-b01) (build 1.8.0_242-release-1644-b01)
# Java VM: OpenJDK 64-Bit Server VM (25.242-b01 mixed mode windows-amd64 compressed oops)
Heap:
 PSYoungGen      total 70656K, used 2881K [0x00000000d6180000, 0x00000000dc780000, 0x0000000100000000)
  eden space 65536K, 4% used [0x00000000d6180000,0x00000000d6450498,0x00000000da180000)
  from space 5120K, 0% used [0x00000000da180000,0x00000000da180000,0x00000000da680000)
  to   space 5120K, 0% used [0x00000000da680000,0x00000000da680000,0x00000000dab80000)
 ParOldGen       total 67072K, used 21121K [0x0000000082400000, 0x0000000086580000, 0x00000000d6180000)
  object space 67072K, 31% used [0x0000000082400000,0x00000000838a0668,0x0000000086580000)
 Metaspace       used 35140K, capacity 35606K, committed 35928K, reserved 1081344K
  class space    used 4436K, capacity 4582K, committed 4608K, reserved 1048576K
GC Heap History (10 events):
Event: 1.502 GC heap before
{Heap before GC invocations=3 (full 0):
 PSYoungGen      total 70656K, used 27789K [0x00000000d6180000, 0x00000000dab80000, 0x0000000100000000)
  eden space 65536K, 34% used [0x00000000d6180000,0x00000000d77a9a70,0x00000000da180000)
  from space 5120K, 99% used [0x00000000da680000,0x00000000dab79a30,0x00000000dab80000)
  to   space 5120K, 0% used [0x00000000da180000,0x00000000da180000,0x00000000da680000)
 ParOldGen       total 86016K, used 7077K [0x0000000082400000, 0x0000000087800000, 0x00000000d6180000)
  object space 86016K, 8% used [0x0000000082400000,0x0000000082ae96f8,0x0000000087800000)
 Metaspace       used 20832K, capacity 21208K, committed 21248K, reserved 1069056K
  class space    used 2427K, capacity 2558K, committed 2560K, reserved 1048576K
Event: 1.510 GC heap after
Heap after GC invocations=3 (full 0):
 PSYoungGen      total 70656K, used 5114K [0x00000000d6180000, 0x00000000dab80000, 0x0000000100000000)
  eden space 65536K, 0% used [0x00000000d6180000,0x00000000d6180000,0x00000000da180000)
  from space 5120K, 99% used [0x00000000da180000,0x00000000da67ea40,0x00000000da680000)
  to   space 5120K, 0% used [0x00000000da680000,0x00000000da680000,0x00000000dab80000)
 ParOldGen       total 86016K, used 11799K [0x0000000082400000, 0x0000000087800000, 0x00000000d6180000)
  object space 86016K, 13% used [0x0000000082400000,0x0000000082f85e60,0x0000000087800000)
 Metaspace       used 20832K, capacity 21208K, committed 21248K, reserved 1069056K
  class space    used 2427K, capacity 2558K, committed 2560K, reserved 1048576K
}
Event: 1.510 GC heap before
{Heap before GC invocations=4 (full 1):
 PSYoungGen      total 70656K, used 5114K [0x00000000d6180000, 0x00000000dab80000, 0x0000000100000000)
  eden space 65536K, 0% used [0x00000000d6180000,0x00000000d6180000,0x00000000da180000)
  from space 5120K, 99% used [0x00000000da180000,0x00000000da67ea40,0x00000000da680000)
  to   space 5120K, 0% used [0x00000000da680000,0x00000000da680000,0x00000000dab80000)
 ParOldGen       total 86016K, used 11799K [0x0000000082400000, 0x0000000087800000, 0x00000000d6180000)
  object space 86016K, 13% used [0x0000000082400000,0x0000000082f85e60,0x0000000087800000)
 Metaspace       used 20832K, capacity 21208K, committed 21248K, reserved 1069056K
  class space    used 2427K, capacity 2558K, committed 2560K, reserved 1048576K
Event: 1.543 GC heap after
Heap after GC invocations=4 (full 1):
 PSYoungGen      total 70656K, used 0K [0x00000000d6180000, 0x00000000dab80000, 0x0000000100000000)
  eden space 65536K, 0% used [0x00000000d6180000,0x00000000d6180000,0x00000000da180000)
  from space 5120K, 0% used [0x00000000da180000,0x00000000da180000,0x00000000da680000)
  to   space 5120K, 0% used [0x00000000da680000,0x00000000da680000,0x00000000dab80000)
 ParOldGen       total 67072K, used 9673K [0x0000000082400000, 0x0000000086580000, 0x00000000d6180000)
  object space 67072K, 14% used [0x0000000082400000,0x0000000082d72730,0x0000000086580000)
 Metaspace       used 20832K, capacity 21208K, committed 21248K, reserved 1069056K
  class space    used 2427K, capacity 2558K, committed 2560K, reserved 1048576K
}
Event: 2.471 GC heap before
{Heap before GC invocations=5 (full 1):
 PSYoungGen      total 70656K, used 65536K [0x00000000d6180000, 0x00000000dab80000, 0x0000000100000000)
  eden space 65536K, 100% used [0x00000000d6180000,0x00000000da180000,0x00000000da180000)
  from space 5120K, 0% used [0x00000000da180000,0x00000000da180000,0x00000000da680000)
  to   space 5120K, 0% used [0x00000000da680000,0x00000000da680000,0x00000000dab80000)
 ParOldGen       total 67072K, used 9673K [0x0000000082400000, 0x0000000086580000, 0x00000000d6180000)
  object space 67072K, 14% used [0x0000000082400000,0x0000000082d72730,0x0000000086580000)
 Metaspace       used 28831K, capacity 29356K, committed 29696K, reserved 1075200K
  class space    used 3417K, capacity 3575K, committed 3584K, reserved 1048576K
Event: 2.483 GC heap after
Heap after GC invocations=5 (full 1):
 PSYoungGen      total 70656K, used 5091K [0x00000000d6180000, 0x00000000dc780000, 0x0000000100000000)
  eden space 65536K, 0% used [0x00000000d6180000,0x00000000d6180000,0x00000000da180000)
  from space 5120K, 99% used [0x00000000da680000,0x00000000dab78c70,0x00000000dab80000)
  to   space 5120K, 0% used [0x00000000da180000,0x00000000da180000,0x00000000da680000)
 ParOldGen       total 67072K, used 19725K [0x0000000082400000, 0x0000000086580000, 0x00000000d6180000)
  object space 67072K, 29% used [0x0000000082400000,0x0000000083743508,0x0000000086580000)
 Metaspace       used 28831K, capacity 29356K, committed 29696K, reserved 1075200K
  class space    used 3417K, capacity 3575K, committed 3584K, reserved 1048576K
}
Event: 2.982 GC heap before
{Heap before GC invocations=6 (full 1):
 PSYoungGen      total 70656K, used 35343K [0x00000000d6180000, 0x00000000dc780000, 0x0000000100000000)
  eden space 65536K, 46% used [0x00000000d6180000,0x00000000d7f0b230,0x00000000da180000)
  from space 5120K, 99% used [0x00000000da680000,0x00000000dab78c70,0x00000000dab80000)
  to   space 5120K, 0% used [0x00000000da180000,0x00000000da180000,0x00000000da680000)
 ParOldGen       total 67072K, used 19725K [0x0000000082400000, 0x0000000086580000, 0x00000000d6180000)
  object space 67072K, 29% used [0x0000000082400000,0x0000000083743508,0x0000000086580000)
 Metaspace       used 34690K, capacity 35144K, committed 35416K, reserved 1081344K
  class space    used 4391K, capacity 4541K, committed 4608K, reserved 1048576K
Event: 2.991 GC heap after
Heap after GC invocations=6 (full 1):
 PSYoungGen      total 70656K, used 5100K [0x00000000d6180000, 0x00000000dc780000, 0x0000000100000000)
  eden space 65536K, 0% used [0x00000000d6180000,0x00000000d6180000,0x00000000da180000)
  from space 5120K, 99% used [0x00000000da180000,0x00000000da67b130,0x00000000da680000)
  to   space 5120K, 0% used [0x00000000da680000,0x00000000da680000,0x00000000dab80000)
 ParOldGen       total 67072K, used 27875K [0x0000000082400000, 0x0000000086580000, 0x00000000d6180000)
  object space 67072K, 41% used [0x0000000082400000,0x0000000083f38e70,0x0000000086580000)
 Metaspace       used 34690K, capacity 35144K, committed 35416K, reserved 1081344K
  class space    used 4391K, capacity 4541K, committed 4608K, reserved 1048576K
}
Event: 2.991 GC heap before
{Heap before GC invocations=7 (full 2):
 PSYoungGen      total 70656K, used 5100K [0x00000000d6180000, 0x00000000dc780000, 0x0000000100000000)
  eden space 65536K, 0% used [0x00000000d6180000,0x00000000d6180000,0x00000000da180000)
  from space 5120K, 99% used [0x00000000da180000,0x00000000da67b130,0x00000000da680000)
  to   space 5120K, 0% used [0x00000000da680000,0x00000000da680000,0x00000000dab80000)
 ParOldGen       total 67072K, used 27875K [0x0000000082400000, 0x0000000086580000, 0x00000000d6180000)
  object space 67072K, 41% used [0x0000000082400000,0x0000000083f38e70,0x0000000086580000)
 Metaspace       used 34690K, capacity 35144K, committed 35416K, reserved 1081344K
  class space    used 4391K, capacity 4541K, committed 4608K, reserved 1048576K
Event: 3.046 GC heap after
Heap after GC invocations=7 (full 2):
 PSYoungGen      total 70656K, used 0K [0x00000000d6180000, 0x00000000dc780000, 0x0000000100000000)
  eden space 65536K, 0% used [0x00000000d6180000,0x00000000d6180000,0x00000000da180000)
  from space 5120K, 0% used [0x00000000da180000,0x00000000da180000,0x00000000da680000)
  to   space 5120K, 0% used [0x00000000da680000,0x00000000da680000,0x00000000dab80000)
 ParOldGen       total 67072K, used 21121K [0x0000000082400000, 0x0000000086580000, 0x00000000d6180000)
  object space 67072K, 31% used [0x0000000082400000,0x00000000838a0668,0x0000000086580000)
 Metaspace       used 34690K, capacity 35144K, committed 35416K, reserved 1081344K
  class space    used 4391K, capacity 4541K, committed 4608K, reserved 1048576K
}

